<!DOCTYPE html>

<html>
  <head>
  <meta charset='utf-8'>
  <title>TestNG reports</title>

    <link type="text/css" href="testng-reports1.css" rel="stylesheet" id="ultra" />
    <link type="text/css" href="testng-reports.css" rel="stylesheet" id="retro" disabled="false"/>
    <script type="text/javascript" src="jquery-3.4.1.min.js"></script>
    <script type="text/javascript" src="testng-reports.js"></script>
    <script type="text/javascript" src="https://www.google.com/jsapi"></script>
    <script type='text/javascript'>
      google.load('visualization', '1', {packages:['table']});
      google.setOnLoadCallback(drawTable);
      var suiteTableInitFunctions = new Array();
      var suiteTableData = new Array();
    </script>
    <!--
      <script type="text/javascript" src="jquery-ui/js/jquery-ui-1.8.16.custom.min.js"></script>
     -->
  </head>

  <body>
    <div class="top-banner-root">
      <span class="top-banner-title-font">Test results</span>
      <button class="button" id="button">Switch Retro Theme</button> <!-- button -->
      <br/>
      <span class="top-banner-font-1">1 suite, 2 failed tests</span>
    </div> <!-- top-banner-root -->
    <div class="navigator-root">
      <div class="navigator-suite-header">
        <span>All suites</span>
        <a href="#" class="collapse-all-link" title="Collapse/expand all the suites">
          <img class="collapse-all-icon" src="collapseall.gif">
          </img> <!-- collapse-all-icon -->
        </a> <!-- collapse-all-link -->
      </div> <!-- navigator-suite-header -->
      <div class="suite">
        <div class="rounded-window">
          <div class="suite-header light-rounded-window-top">
            <a href="#" class="navigator-link" panel-name="suite-All_Test_Suite">
              <span class="suite-name border-failed">All Test Suite</span>
            </a> <!-- navigator-link -->
          </div> <!-- suite-header light-rounded-window-top -->
          <div class="navigator-suite-content">
            <div class="suite-section-title">
              <span>Info</span>
            </div> <!-- suite-section-title -->
            <div class="suite-section-content">
              <ul>
                <li>
                  <a href="#" class="navigator-link " panel-name="test-xml-All_Test_Suite">
                    <span>F:\FacebookProject\testng.xml</span>
                  </a> <!-- navigator-link  -->
                </li>
                <li>
                  <a href="#" class="navigator-link " panel-name="testlist-All_Test_Suite">
                    <span class="test-stats">1 test</span>
                  </a> <!-- navigator-link  -->
                </li>
                <li>
                  <a href="#" class="navigator-link " panel-name="group-All_Test_Suite">
                    <span>0 groups</span>
                  </a> <!-- navigator-link  -->
                </li>
                <li>
                  <a href="#" class="navigator-link " panel-name="times-All_Test_Suite">
                    <span>Times</span>
                  </a> <!-- navigator-link  -->
                </li>
                <li>
                  <a href="#" class="navigator-link " panel-name="reporter-All_Test_Suite">
                    <span>Reporter output</span>
                  </a> <!-- navigator-link  -->
                </li>
                <li>
                  <a href="#" class="navigator-link " panel-name="ignored-methods-All_Test_Suite">
                    <span>Ignored methods</span>
                  </a> <!-- navigator-link  -->
                </li>
                <li>
                  <a href="#" class="navigator-link " panel-name="chronological-All_Test_Suite">
                    <span>Chronological view</span>
                  </a> <!-- navigator-link  -->
                </li>
              </ul>
            </div> <!-- suite-section-content -->
            <div class="result-section">
              <div class="suite-section-title">
                <span>Results</span>
              </div> <!-- suite-section-title -->
              <div class="suite-section-content">
                <ul>
                  <li>
                    <span class="method-stats">10 methods, 2 failed,   8 passed</span>
                  </li>
                  <li>
                    <span class="method-list-title failed">Failed methods</span>
                    <span class="show-or-hide-methods failed">
                      <a href="#" panel-name="suite-All_Test_Suite" class="hide-methods failed suite-All_Test_Suite"> (hide)</a> <!-- hide-methods failed suite-All_Test_Suite -->
                      <a href="#" panel-name="suite-All_Test_Suite" class="show-methods failed suite-All_Test_Suite"> (show)</a> <!-- show-methods failed suite-All_Test_Suite -->
                    </span>
                    <div class="method-list-content failed suite-All_Test_Suite">
                      <span>
                        <img width="3%" src="failed.png"/>
                        <a href="#" class="method navigator-link" panel-name="suite-All_Test_Suite" title="pagesTest.LoginPageTestBase" hash-for-method="testUserSignInWithInvalidEmailAndPassword(LoginUsersData, 4)">testUserSignInWithInvalidEmailAndPassword(LoginUsersData, 4)</a> <!-- method navigator-link -->
                      </span>
                      <br/>
                      <span>
                        <img width="3%" src="failed.png"/>
                        <a href="#" class="method navigator-link" panel-name="suite-All_Test_Suite" title="pagesTest.LoginPageTestBase" hash-for-method="testUserSignInWithInvalidPassword(LoginUsersData, 2)">testUserSignInWithInvalidPassword(LoginUsersData, 2)</a> <!-- method navigator-link -->
                      </span>
                      <br/>
                    </div> <!-- method-list-content failed suite-All_Test_Suite -->
                  </li>
                  <li>
                    <span class="method-list-title passed">Passed methods</span>
                    <span class="show-or-hide-methods passed">
                      <a href="#" panel-name="suite-All_Test_Suite" class="hide-methods passed suite-All_Test_Suite"> (hide)</a> <!-- hide-methods passed suite-All_Test_Suite -->
                      <a href="#" panel-name="suite-All_Test_Suite" class="show-methods passed suite-All_Test_Suite"> (show)</a> <!-- show-methods passed suite-All_Test_Suite -->
                    </span>
                    <div class="method-list-content passed suite-All_Test_Suite">
                      <span>
                        <img width="3%" src="passed.png"/>
                        <a href="#" class="method navigator-link" panel-name="suite-All_Test_Suite" title="pagesTest.SignUpTestBase" hash-for-method="testSignUpWithEmailsDoseNotMatch(SignUpUsersData, 5)">testSignUpWithEmailsDoseNotMatch(SignUpUsersData, 5)</a> <!-- method navigator-link -->
                      </span>
                      <br/>
                      <span>
                        <img width="3%" src="passed.png"/>
                        <a href="#" class="method navigator-link" panel-name="suite-All_Test_Suite" title="pagesTest.SignUpTestBase" hash-for-method="testSignUpWithInvalidFirstUserName(SignUpUsersData, 2)">testSignUpWithInvalidFirstUserName(SignUpUsersData, 2)</a> <!-- method navigator-link -->
                      </span>
                      <br/>
                      <span>
                        <img width="3%" src="passed.png"/>
                        <a href="#" class="method navigator-link" panel-name="suite-All_Test_Suite" title="pagesTest.SignUpTestBase" hash-for-method="testSignUpWithInvalidLastUserName(SignUpUsersData, 3)">testSignUpWithInvalidLastUserName(SignUpUsersData, 3)</a> <!-- method navigator-link -->
                      </span>
                      <br/>
                      <span>
                        <img width="3%" src="passed.png"/>
                        <a href="#" class="method navigator-link" panel-name="suite-All_Test_Suite" title="pagesTest.SignUpTestBase" hash-for-method="testSignUpWithInvalidUserDateOfBirth(SignUpUsersData, 4)">testSignUpWithInvalidUserDateOfBirth(SignUpUsersData, 4)</a> <!-- method navigator-link -->
                      </span>
                      <br/>
                      <span>
                        <img width="3%" src="passed.png"/>
                        <a href="#" class="method navigator-link" panel-name="suite-All_Test_Suite" title="pagesTest.SignUpTestBase" hash-for-method="testSignUpWithNoGender(SignUpUsersData, 6)">testSignUpWithNoGender(SignUpUsersData, 6)</a> <!-- method navigator-link -->
                      </span>
                      <br/>
                      <span>
                        <img width="3%" src="passed.png"/>
                        <a href="#" class="method navigator-link" panel-name="suite-All_Test_Suite" title="pagesTest.LoginPageTestBase" hash-for-method="testUserSignInSuccessfully(LoginUsersData, 5)">testUserSignInSuccessfully(LoginUsersData, 5)</a> <!-- method navigator-link -->
                      </span>
                      <br/>
                      <span>
                        <img width="3%" src="passed.png"/>
                        <a href="#" class="method navigator-link" panel-name="suite-All_Test_Suite" title="pagesTest.LoginPageTestBase" hash-for-method="testUserSignInWithInvalidEmail(LoginUsersData, 3)">testUserSignInWithInvalidEmail(LoginUsersData, 3)</a> <!-- method navigator-link -->
                      </span>
                      <br/>
                      <span>
                        <img width="3%" src="passed.png"/>
                        <a href="#" class="method navigator-link" panel-name="suite-All_Test_Suite" title="pagesTest.SignUpTestBase" hash-for-method="testUserSignUpSuccessfully(SignUpUsersData, 7)">testUserSignUpSuccessfully(SignUpUsersData, 7)</a> <!-- method navigator-link -->
                      </span>
                      <br/>
                    </div> <!-- method-list-content passed suite-All_Test_Suite -->
                  </li>
                </ul>
              </div> <!-- suite-section-content -->
            </div> <!-- result-section -->
          </div> <!-- navigator-suite-content -->
        </div> <!-- rounded-window -->
      </div> <!-- suite -->
    </div> <!-- navigator-root -->
    <div class="wrapper">
      <div class="main-panel-root">
        <div panel-name="suite-All_Test_Suite" class="panel All_Test_Suite">
          <div class="suite-All_Test_Suite-class-failed">
            <div class="main-panel-header rounded-window-top">
              <img src="failed.png"/>
              <span class="class-name">pagesTest.LoginPageTestBase</span>
            </div> <!-- main-panel-header rounded-window-top -->
            <div class="main-panel-content rounded-window-bottom">
              <div class="method">
                <div class="method-content">
                  <a name="testUserSignInWithInvalidEmailAndPassword(LoginUsersData, 4)">
                  </a> <!-- testUserSignInWithInvalidEmailAndPassword(LoginUsersData, 4) -->
                  <span class="method-name">testUserSignInWithInvalidEmailAndPassword</span>
                  <span class="parameters">(LoginUsersData, 4)</span>
                  <div class="stack-trace">org.openqa.selenium.TimeoutException: Expected condition failed: waiting for visibility of element located by By.cssSelector: div[class=&apos;fsl fwb fcb&apos;] (tried for 15 second(s) with 2000 milliseconds interval)
	at org.openqa.selenium.support.ui.FluentWait.timeoutException(FluentWait.java:304)
	at org.openqa.selenium.support.ui.FluentWait.until(FluentWait.java:272)
	at pages.PageBase.waitUntilAppearanceOf(PageBase.java:27)
	at pages.ForgotPassword.isIncorrectPasswordMessageDisplayed(ForgotPassword.java:14)
	at pagesTest.LoginPageTestBase.testUserSignInWithInvalidEmailAndPassword(LoginPageTestBase.java:49)
	at sun.reflect.NativeMethodAccessorImpl.invoke0(Native Method)
	at sun.reflect.NativeMethodAccessorImpl.invoke(NativeMethodAccessorImpl.java:62)
	at sun.reflect.DelegatingMethodAccessorImpl.invoke(DelegatingMethodAccessorImpl.java:43)
	at java.lang.reflect.Method.invoke(Method.java:498)
	at org.testng.internal.MethodInvocationHelper.invokeMethod(MethodInvocationHelper.java:132)
	at org.testng.internal.TestInvoker.invokeMethod(TestInvoker.java:599)
	at org.testng.internal.TestInvoker.invokeTestMethod(TestInvoker.java:174)
	at org.testng.internal.MethodRunner.runInSequence(MethodRunner.java:46)
	at org.testng.internal.TestInvoker$MethodInvocationAgent.invoke(TestInvoker.java:822)
	at org.testng.internal.TestInvoker.invokeTestMethods(TestInvoker.java:147)
	at org.testng.internal.TestMethodWorker.invokeTestMethods(TestMethodWorker.java:146)
	at org.testng.internal.TestMethodWorker.run(TestMethodWorker.java:128)
	at java.util.ArrayList.forEach(ArrayList.java:1257)
	at org.testng.TestRunner.privateRun(TestRunner.java:764)
	at org.testng.TestRunner.run(TestRunner.java:585)
	at org.testng.SuiteRunner.runTest(SuiteRunner.java:384)
	at org.testng.SuiteRunner.runSequentially(SuiteRunner.java:378)
	at org.testng.SuiteRunner.privateRun(SuiteRunner.java:337)
	at org.testng.SuiteRunner.run(SuiteRunner.java:286)
	at org.testng.SuiteRunnerWorker.runSuite(SuiteRunnerWorker.java:53)
	at org.testng.SuiteRunnerWorker.run(SuiteRunnerWorker.java:96)
	at org.testng.TestNG.runSuitesSequentially(TestNG.java:1218)
	at org.testng.TestNG.runSuitesLocally(TestNG.java:1140)
	at org.testng.TestNG.runSuites(TestNG.java:1069)
	at org.testng.TestNG.run(TestNG.java:1037)
	at org.apache.maven.surefire.testng.TestNGExecutor.run(TestNGExecutor.java:284)
	at org.apache.maven.surefire.testng.TestNGXmlTestSuite.execute(TestNGXmlTestSuite.java:75)
	at org.apache.maven.surefire.testng.TestNGProvider.invoke(TestNGProvider.java:119)
	at org.apache.maven.surefire.booter.ForkedBooter.runSuitesInProcess(ForkedBooter.java:428)
	at org.apache.maven.surefire.booter.ForkedBooter.execute(ForkedBooter.java:162)
	at org.apache.maven.surefire.booter.ForkedBooter.run(ForkedBooter.java:562)
	at org.apache.maven.surefire.booter.ForkedBooter.main(ForkedBooter.java:548)
Caused by: org.openqa.selenium.NoSuchElementException: no such element: Unable to locate element: {&quot;method&quot;:&quot;css selector&quot;,&quot;selector&quot;:&quot;div[class=&apos;fsl fwb fcb&apos;]&quot;}
  (Session info: chrome=97.0.4692.99)
For documentation on this error, please visit: https://www.seleniumhq.org/exceptions/no_such_element.html
Build info: version: &apos;3.141.59&apos;, revision: &apos;e82be7d358&apos;, time: &apos;2018-11-14T08:17:03&apos;
System info: host: &apos;LAPTOP-KNRI3NA5&apos;, ip: &apos;192.168.1.105&apos;, os.name: &apos;Windows 10&apos;, os.arch: &apos;amd64&apos;, os.version: &apos;10.0&apos;, java.version: &apos;1.8.0_221&apos;
Driver info: org.openqa.selenium.chrome.ChromeDriver
Capabilities {acceptInsecureCerts: false, browserName: chrome, browserVersion: 97.0.4692.99, chrome: {chromedriverVersion: 97.0.4692.71 (adefa7837d02a..., userDataDir: C:\Users\lenov\AppData\Loca...}, goog:chromeOptions: {debuggerAddress: localhost:59781}, javascriptEnabled: true, networkConnectionEnabled: false, pageLoadStrategy: normal, platform: WINDOWS, platformName: WINDOWS, proxy: Proxy(), setWindowRect: true, strictFileInteractability: false, timeouts: {implicit: 0, pageLoad: 300000, script: 30000}, unhandledPromptBehavior: dismiss and notify, webauthn:extension:credBlob: true, webauthn:extension:largeBlob: true, webauthn:virtualAuthenticators: true}
Session ID: 0b7eca2b24a425f0f2145af5a7a887e5
*** Element info: {Using=css selector, value=div[class=&apos;fsl fwb fcb&apos;]}
	at sun.reflect.NativeConstructorAccessorImpl.newInstance0(Native Method)
	at sun.reflect.NativeConstructorAccessorImpl.newInstance(NativeConstructorAccessorImpl.java:62)
	at sun.reflect.DelegatingConstructorAccessorImpl.newInstance(DelegatingConstructorAccessorImpl.java:45)
	at java.lang.reflect.Constructor.newInstance(Constructor.java:423)
	at org.openqa.selenium.remote.http.W3CHttpResponseCodec.createException(W3CHttpResponseCodec.java:187)
	at org.openqa.selenium.remote.http.W3CHttpResponseCodec.decode(W3CHttpResponseCodec.java:122)
	at org.openqa.selenium.remote.http.W3CHttpResponseCodec.decode(W3CHttpResponseCodec.java:49)
	at org.openqa.selenium.remote.HttpCommandExecutor.execute(HttpCommandExecutor.java:158)
	at org.openqa.selenium.remote.service.DriverCommandExecutor.execute(DriverCommandExecutor.java:83)
	at org.openqa.selenium.remote.RemoteWebDriver.execute(RemoteWebDriver.java:552)
	at org.openqa.selenium.remote.RemoteWebDriver.findElement(RemoteWebDriver.java:323)
	at org.openqa.selenium.remote.RemoteWebDriver.findElementByCssSelector(RemoteWebDriver.java:420)
	at org.openqa.selenium.By$ByCssSelector.findElement(By.java:431)
	at org.openqa.selenium.remote.RemoteWebDriver.findElement(RemoteWebDriver.java:315)
	at org.openqa.selenium.support.ui.ExpectedConditions$7.apply(ExpectedConditions.java:205)
	at org.openqa.selenium.support.ui.ExpectedConditions$7.apply(ExpectedConditions.java:201)
	at org.openqa.selenium.support.ui.FluentWait.until(FluentWait.java:249)
	... 35 more

</div> <!-- stack-trace -->
                </div> <!-- method-content -->
              </div> <!-- method -->
              <div class="method">
                <div class="method-content">
                  <a name="testUserSignInWithInvalidPassword(LoginUsersData, 2)">
                  </a> <!-- testUserSignInWithInvalidPassword(LoginUsersData, 2) -->
                  <span class="method-name">testUserSignInWithInvalidPassword</span>
                  <span class="parameters">(LoginUsersData, 2)</span>
                  <div class="stack-trace">org.openqa.selenium.TimeoutException: Expected condition failed: waiting for visibility of element located by By.cssSelector: div[class=&apos;fsl fwb fcb&apos;] (tried for 15 second(s) with 2000 milliseconds interval)
	at org.openqa.selenium.support.ui.FluentWait.timeoutException(FluentWait.java:304)
	at org.openqa.selenium.support.ui.FluentWait.until(FluentWait.java:272)
	at pages.PageBase.waitUntilAppearanceOf(PageBase.java:27)
	at pages.ForgotPassword.isIncorrectPasswordMessageDisplayed(ForgotPassword.java:14)
	at pagesTest.LoginPageTestBase.testUserSignInWithInvalidPassword(LoginPageTestBase.java:25)
	at sun.reflect.NativeMethodAccessorImpl.invoke0(Native Method)
	at sun.reflect.NativeMethodAccessorImpl.invoke(NativeMethodAccessorImpl.java:62)
	at sun.reflect.DelegatingMethodAccessorImpl.invoke(DelegatingMethodAccessorImpl.java:43)
	at java.lang.reflect.Method.invoke(Method.java:498)
	at org.testng.internal.MethodInvocationHelper.invokeMethod(MethodInvocationHelper.java:132)
	at org.testng.internal.TestInvoker.invokeMethod(TestInvoker.java:599)
	at org.testng.internal.TestInvoker.invokeTestMethod(TestInvoker.java:174)
	at org.testng.internal.MethodRunner.runInSequence(MethodRunner.java:46)
	at org.testng.internal.TestInvoker$MethodInvocationAgent.invoke(TestInvoker.java:822)
	at org.testng.internal.TestInvoker.invokeTestMethods(TestInvoker.java:147)
	at org.testng.internal.TestMethodWorker.invokeTestMethods(TestMethodWorker.java:146)
	at org.testng.internal.TestMethodWorker.run(TestMethodWorker.java:128)
	at java.util.ArrayList.forEach(ArrayList.java:1257)
	at org.testng.TestRunner.privateRun(TestRunner.java:764)
	at org.testng.TestRunner.run(TestRunner.java:585)
	at org.testng.SuiteRunner.runTest(SuiteRunner.java:384)
	at org.testng.SuiteRunner.runSequentially(SuiteRunner.java:378)
	at org.testng.SuiteRunner.privateRun(SuiteRunner.java:337)
	at org.testng.SuiteRunner.run(SuiteRunner.java:286)
	at org.testng.SuiteRunnerWorker.runSuite(SuiteRunnerWorker.java:53)
	at org.testng.SuiteRunnerWorker.run(SuiteRunnerWorker.java:96)
	at org.testng.TestNG.runSuitesSequentially(TestNG.java:1218)
	at org.testng.TestNG.runSuitesLocally(TestNG.java:1140)
	at org.testng.TestNG.runSuites(TestNG.java:1069)
	at org.testng.TestNG.run(TestNG.java:1037)
	at org.apache.maven.surefire.testng.TestNGExecutor.run(TestNGExecutor.java:284)
	at org.apache.maven.surefire.testng.TestNGXmlTestSuite.execute(TestNGXmlTestSuite.java:75)
	at org.apache.maven.surefire.testng.TestNGProvider.invoke(TestNGProvider.java:119)
	at org.apache.maven.surefire.booter.ForkedBooter.runSuitesInProcess(ForkedBooter.java:428)
	at org.apache.maven.surefire.booter.ForkedBooter.execute(ForkedBooter.java:162)
	at org.apache.maven.surefire.booter.ForkedBooter.run(ForkedBooter.java:562)
	at org.apache.maven.surefire.booter.ForkedBooter.main(ForkedBooter.java:548)
Caused by: org.openqa.selenium.NoSuchElementException: no such element: Unable to locate element: {&quot;method&quot;:&quot;css selector&quot;,&quot;selector&quot;:&quot;div[class=&apos;fsl fwb fcb&apos;]&quot;}
  (Session info: chrome=97.0.4692.99)
For documentation on this error, please visit: https://www.seleniumhq.org/exceptions/no_such_element.html
Build info: version: &apos;3.141.59&apos;, revision: &apos;e82be7d358&apos;, time: &apos;2018-11-14T08:17:03&apos;
System info: host: &apos;LAPTOP-KNRI3NA5&apos;, ip: &apos;192.168.1.105&apos;, os.name: &apos;Windows 10&apos;, os.arch: &apos;amd64&apos;, os.version: &apos;10.0&apos;, java.version: &apos;1.8.0_221&apos;
Driver info: org.openqa.selenium.chrome.ChromeDriver
Capabilities {acceptInsecureCerts: false, browserName: chrome, browserVersion: 97.0.4692.99, chrome: {chromedriverVersion: 97.0.4692.71 (adefa7837d02a..., userDataDir: C:\Users\lenov\AppData\Loca...}, goog:chromeOptions: {debuggerAddress: localhost:59781}, javascriptEnabled: true, networkConnectionEnabled: false, pageLoadStrategy: normal, platform: WINDOWS, platformName: WINDOWS, proxy: Proxy(), setWindowRect: true, strictFileInteractability: false, timeouts: {implicit: 0, pageLoad: 300000, script: 30000}, unhandledPromptBehavior: dismiss and notify, webauthn:extension:credBlob: true, webauthn:extension:largeBlob: true, webauthn:virtualAuthenticators: true}
Session ID: 0b7eca2b24a425f0f2145af5a7a887e5
*** Element info: {Using=css selector, value=div[class=&apos;fsl fwb fcb&apos;]}
	at sun.reflect.NativeConstructorAccessorImpl.newInstance0(Native Method)
	at sun.reflect.NativeConstructorAccessorImpl.newInstance(NativeConstructorAccessorImpl.java:62)
	at sun.reflect.DelegatingConstructorAccessorImpl.newInstance(DelegatingConstructorAccessorImpl.java:45)
	at java.lang.reflect.Constructor.newInstance(Constructor.java:423)
	at org.openqa.selenium.remote.http.W3CHttpResponseCodec.createException(W3CHttpResponseCodec.java:187)
	at org.openqa.selenium.remote.http.W3CHttpResponseCodec.decode(W3CHttpResponseCodec.java:122)
	at org.openqa.selenium.remote.http.W3CHttpResponseCodec.decode(W3CHttpResponseCodec.java:49)
	at org.openqa.selenium.remote.HttpCommandExecutor.execute(HttpCommandExecutor.java:158)
	at org.openqa.selenium.remote.service.DriverCommandExecutor.execute(DriverCommandExecutor.java:83)
	at org.openqa.selenium.remote.RemoteWebDriver.execute(RemoteWebDriver.java:552)
	at org.openqa.selenium.remote.RemoteWebDriver.findElement(RemoteWebDriver.java:323)
	at org.openqa.selenium.remote.RemoteWebDriver.findElementByCssSelector(RemoteWebDriver.java:420)
	at org.openqa.selenium.By$ByCssSelector.findElement(By.java:431)
	at org.openqa.selenium.remote.RemoteWebDriver.findElement(RemoteWebDriver.java:315)
	at org.openqa.selenium.support.ui.ExpectedConditions$7.apply(ExpectedConditions.java:205)
	at org.openqa.selenium.support.ui.ExpectedConditions$7.apply(ExpectedConditions.java:201)
	at org.openqa.selenium.support.ui.FluentWait.until(FluentWait.java:249)
	... 35 more

</div> <!-- stack-trace -->
                </div> <!-- method-content -->
              </div> <!-- method -->
            </div> <!-- main-panel-content rounded-window-bottom -->
          </div> <!-- suite-All_Test_Suite-class-failed -->
          <div class="suite-All_Test_Suite-class-passed">
            <div class="main-panel-header rounded-window-top">
              <img src="passed.png"/>
              <span class="class-name">pagesTest.LoginPageTestBase</span>
            </div> <!-- main-panel-header rounded-window-top -->
            <div class="main-panel-content rounded-window-bottom">
              <div class="method">
                <div class="method-content">
                  <a name="testUserSignInSuccessfully(LoginUsersData, 5)">
                  </a> <!-- testUserSignInSuccessfully(LoginUsersData, 5) -->
                  <span class="method-name">testUserSignInSuccessfully</span>
                  <span class="parameters">(LoginUsersData, 5)</span>
                </div> <!-- method-content -->
              </div> <!-- method -->
              <div class="method">
                <div class="method-content">
                  <a name="testUserSignInWithInvalidEmail(LoginUsersData, 3)">
                  </a> <!-- testUserSignInWithInvalidEmail(LoginUsersData, 3) -->
                  <span class="method-name">testUserSignInWithInvalidEmail</span>
                  <span class="parameters">(LoginUsersData, 3)</span>
                </div> <!-- method-content -->
              </div> <!-- method -->
            </div> <!-- main-panel-content rounded-window-bottom -->
          </div> <!-- suite-All_Test_Suite-class-passed -->
          <div class="suite-All_Test_Suite-class-passed">
            <div class="main-panel-header rounded-window-top">
              <img src="passed.png"/>
              <span class="class-name">pagesTest.SignUpTestBase</span>
            </div> <!-- main-panel-header rounded-window-top -->
            <div class="main-panel-content rounded-window-bottom">
              <div class="method">
                <div class="method-content">
                  <a name="testSignUpWithEmailsDoseNotMatch(SignUpUsersData, 5)">
                  </a> <!-- testSignUpWithEmailsDoseNotMatch(SignUpUsersData, 5) -->
                  <span class="method-name">testSignUpWithEmailsDoseNotMatch</span>
                  <span class="parameters">(SignUpUsersData, 5)</span>
                </div> <!-- method-content -->
              </div> <!-- method -->
              <div class="method">
                <div class="method-content">
                  <a name="testSignUpWithInvalidFirstUserName(SignUpUsersData, 2)">
                  </a> <!-- testSignUpWithInvalidFirstUserName(SignUpUsersData, 2) -->
                  <span class="method-name">testSignUpWithInvalidFirstUserName</span>
                  <span class="parameters">(SignUpUsersData, 2)</span>
                </div> <!-- method-content -->
              </div> <!-- method -->
              <div class="method">
                <div class="method-content">
                  <a name="testSignUpWithInvalidLastUserName(SignUpUsersData, 3)">
                  </a> <!-- testSignUpWithInvalidLastUserName(SignUpUsersData, 3) -->
                  <span class="method-name">testSignUpWithInvalidLastUserName</span>
                  <span class="parameters">(SignUpUsersData, 3)</span>
                </div> <!-- method-content -->
              </div> <!-- method -->
              <div class="method">
                <div class="method-content">
                  <a name="testSignUpWithInvalidUserDateOfBirth(SignUpUsersData, 4)">
                  </a> <!-- testSignUpWithInvalidUserDateOfBirth(SignUpUsersData, 4) -->
                  <span class="method-name">testSignUpWithInvalidUserDateOfBirth</span>
                  <span class="parameters">(SignUpUsersData, 4)</span>
                </div> <!-- method-content -->
              </div> <!-- method -->
              <div class="method">
                <div class="method-content">
                  <a name="testSignUpWithNoGender(SignUpUsersData, 6)">
                  </a> <!-- testSignUpWithNoGender(SignUpUsersData, 6) -->
                  <span class="method-name">testSignUpWithNoGender</span>
                  <span class="parameters">(SignUpUsersData, 6)</span>
                </div> <!-- method-content -->
              </div> <!-- method -->
              <div class="method">
                <div class="method-content">
                  <a name="testUserSignUpSuccessfully(SignUpUsersData, 7)">
                  </a> <!-- testUserSignUpSuccessfully(SignUpUsersData, 7) -->
                  <span class="method-name">testUserSignUpSuccessfully</span>
                  <span class="parameters">(SignUpUsersData, 7)</span>
                </div> <!-- method-content -->
              </div> <!-- method -->
            </div> <!-- main-panel-content rounded-window-bottom -->
          </div> <!-- suite-All_Test_Suite-class-passed -->
        </div> <!-- panel All_Test_Suite -->
        <div panel-name="test-xml-All_Test_Suite" class="panel">
          <div class="main-panel-header rounded-window-top">
            <span class="header-content">F:\FacebookProject\testng.xml</span>
          </div> <!-- main-panel-header rounded-window-top -->
          <div class="main-panel-content rounded-window-bottom">
            <pre>
&lt;?xml version=&quot;1.0&quot; encoding=&quot;UTF-8&quot;?&gt;
&lt;!DOCTYPE suite SYSTEM &quot;https://testng.org/testng-1.0.dtd&quot;&gt;
&lt;suite guice-stage=&quot;DEVELOPMENT&quot; verbose=&quot;0&quot; name=&quot;All Test Suite&quot;&gt;
  &lt;test thread-count=&quot;5&quot; verbose=&quot;2&quot; name=&quot;/Users/fakheryasser/IdeaProjects/FacebookProject&quot;&gt;
    &lt;classes&gt;
      &lt;class name=&quot;pagesTest.SignUpTestBase&quot;&gt;
        &lt;parameter name=&quot;browserName&quot; value=&quot;chrome&quot;/&gt;
        &lt;methods&gt;
          &lt;include name=&quot;testSignUpWithInvalidFirstUserName&quot;&gt;
            &lt;parameter name=&quot;sheetName&quot; value=&quot;SignUpUsersData&quot;/&gt;
            &lt;parameter name=&quot;userNumber&quot; value=&quot;2&quot;/&gt;
          &lt;/include&gt; &lt;!-- testSignUpWithInvalidFirstUserName --&gt;
          &lt;include name=&quot;testSignUpWithInvalidLastUserName&quot;&gt;
            &lt;parameter name=&quot;sheetName&quot; value=&quot;SignUpUsersData&quot;/&gt;
            &lt;parameter name=&quot;userNumber&quot; value=&quot;3&quot;/&gt;
          &lt;/include&gt; &lt;!-- testSignUpWithInvalidLastUserName --&gt;
          &lt;include name=&quot;testSignUpWithInvalidUserDateOfBirth&quot;&gt;
            &lt;parameter name=&quot;sheetName&quot; value=&quot;SignUpUsersData&quot;/&gt;
            &lt;parameter name=&quot;userNumber&quot; value=&quot;4&quot;/&gt;
          &lt;/include&gt; &lt;!-- testSignUpWithInvalidUserDateOfBirth --&gt;
          &lt;include name=&quot;testSignUpWithEmailsDoseNotMatch&quot;&gt;
            &lt;parameter name=&quot;sheetName&quot; value=&quot;SignUpUsersData&quot;/&gt;
            &lt;parameter name=&quot;userNumber&quot; value=&quot;5&quot;/&gt;
          &lt;/include&gt; &lt;!-- testSignUpWithEmailsDoseNotMatch --&gt;
          &lt;include name=&quot;testSignUpWithNoGender&quot;&gt;
            &lt;parameter name=&quot;sheetName&quot; value=&quot;SignUpUsersData&quot;/&gt;
            &lt;parameter name=&quot;userNumber&quot; value=&quot;6&quot;/&gt;
          &lt;/include&gt; &lt;!-- testSignUpWithNoGender --&gt;
          &lt;include name=&quot;testUserSignUpSuccessfully&quot;&gt;
            &lt;parameter name=&quot;sheetName&quot; value=&quot;SignUpUsersData&quot;/&gt;
            &lt;parameter name=&quot;userNumber&quot; value=&quot;7&quot;/&gt;
          &lt;/include&gt; &lt;!-- testUserSignUpSuccessfully --&gt;
        &lt;/methods&gt;
      &lt;/class&gt; &lt;!-- pagesTest.SignUpTestBase --&gt;
      &lt;class name=&quot;pagesTest.LoginPageTestBase&quot;&gt;
        &lt;methods&gt;
          &lt;include name=&quot;testUserSignInWithInvalidPassword&quot;&gt;
            &lt;parameter name=&quot;sheetName&quot; value=&quot;LoginUsersData&quot;/&gt;
            &lt;parameter name=&quot;userNumber&quot; value=&quot;2&quot;/&gt;
          &lt;/include&gt; &lt;!-- testUserSignInWithInvalidPassword --&gt;
          &lt;include name=&quot;testUserSignInWithInvalidEmail&quot;&gt;
            &lt;parameter name=&quot;sheetName&quot; value=&quot;LoginUsersData&quot;/&gt;
            &lt;parameter name=&quot;userNumber&quot; value=&quot;3&quot;/&gt;
          &lt;/include&gt; &lt;!-- testUserSignInWithInvalidEmail --&gt;
          &lt;include name=&quot;testUserSignInWithInvalidEmailAndPassword&quot;&gt;
            &lt;parameter name=&quot;sheetName&quot; value=&quot;LoginUsersData&quot;/&gt;
            &lt;parameter name=&quot;userNumber&quot; value=&quot;4&quot;/&gt;
          &lt;/include&gt; &lt;!-- testUserSignInWithInvalidEmailAndPassword --&gt;
          &lt;include name=&quot;testUserSignInSuccessfully&quot;&gt;
            &lt;parameter name=&quot;sheetName&quot; value=&quot;LoginUsersData&quot;/&gt;
            &lt;parameter name=&quot;userNumber&quot; value=&quot;5&quot;/&gt;
          &lt;/include&gt; &lt;!-- testUserSignInSuccessfully --&gt;
        &lt;/methods&gt;
      &lt;/class&gt; &lt;!-- pagesTest.LoginPageTestBase --&gt;
    &lt;/classes&gt;
  &lt;/test&gt; &lt;!-- /Users/fakheryasser/IdeaProjects/FacebookProject --&gt;
&lt;/suite&gt; &lt;!-- All Test Suite --&gt;
            </pre>
          </div> <!-- main-panel-content rounded-window-bottom -->
        </div> <!-- panel -->
        <div panel-name="testlist-All_Test_Suite" class="panel">
          <div class="main-panel-header rounded-window-top">
            <span class="header-content">Tests for All Test Suite</span>
          </div> <!-- main-panel-header rounded-window-top -->
          <div class="main-panel-content rounded-window-bottom">
            <ul>
              <li>
                <span class="test-name">/Users/fakheryasser/IdeaProjects/FacebookProject (2 classes)</span>
              </li>
            </ul>
          </div> <!-- main-panel-content rounded-window-bottom -->
        </div> <!-- panel -->
        <div panel-name="group-All_Test_Suite" class="panel">
          <div class="main-panel-header rounded-window-top">
            <span class="header-content">Groups for All Test Suite</span>
          </div> <!-- main-panel-header rounded-window-top -->
          <div class="main-panel-content rounded-window-bottom">
          </div> <!-- main-panel-content rounded-window-bottom -->
        </div> <!-- panel -->
        <div panel-name="times-All_Test_Suite" class="panel">
          <div class="main-panel-header rounded-window-top">
            <span class="header-content">Times for All Test Suite</span>
          </div> <!-- main-panel-header rounded-window-top -->
          <div class="main-panel-content rounded-window-bottom">
            <div class="times-div">
              <script type="text/javascript">
suiteTableInitFunctions.push('tableData_All_Test_Suite');
function tableData_All_Test_Suite() {
var data = new google.visualization.DataTable();
data.addColumn('number', 'Number');
data.addColumn('string', 'Method');
data.addColumn('string', 'Class');
data.addColumn('number', 'Time (ms)');
data.addRows(10);
data.setCell(0, 0, 0)
data.setCell(0, 1, 'testUserSignInWithInvalidPassword')
data.setCell(0, 2, 'pagesTest.LoginPageTestBase')
data.setCell(0, 3, 19692);
data.setCell(1, 0, 1)
data.setCell(1, 1, 'testUserSignInWithInvalidEmailAndPassword')
data.setCell(1, 2, 'pagesTest.LoginPageTestBase')
data.setCell(1, 3, 19649);
data.setCell(2, 0, 2)
data.setCell(2, 1, 'testUserSignUpSuccessfully')
data.setCell(2, 2, 'pagesTest.SignUpTestBase')
data.setCell(2, 3, 9508);
data.setCell(3, 0, 3)
data.setCell(3, 1, 'testUserSignInWithInvalidEmail')
data.setCell(3, 2, 'pagesTest.LoginPageTestBase')
data.setCell(3, 3, 7529);
data.setCell(4, 0, 4)
data.setCell(4, 1, 'testSignUpWithInvalidLastUserName')
data.setCell(4, 2, 'pagesTest.SignUpTestBase')
data.setCell(4, 3, 6220);
data.setCell(5, 0, 5)
data.setCell(5, 1, 'testUserSignInSuccessfully')
data.setCell(5, 2, 'pagesTest.LoginPageTestBase')
data.setCell(5, 3, 5674);
data.setCell(6, 0, 6)
data.setCell(6, 1, 'testSignUpWithInvalidFirstUserName')
data.setCell(6, 2, 'pagesTest.SignUpTestBase')
data.setCell(6, 3, 4859);
data.setCell(7, 0, 7)
data.setCell(7, 1, 'testSignUpWithEmailsDoseNotMatch')
data.setCell(7, 2, 'pagesTest.SignUpTestBase')
data.setCell(7, 3, 2405);
data.setCell(8, 0, 8)
data.setCell(8, 1, 'testSignUpWithNoGender')
data.setCell(8, 2, 'pagesTest.SignUpTestBase')
data.setCell(8, 3, 2020);
data.setCell(9, 0, 9)
data.setCell(9, 1, 'testSignUpWithInvalidUserDateOfBirth')
data.setCell(9, 2, 'pagesTest.SignUpTestBase')
data.setCell(9, 3, 1702);
window.suiteTableData['All_Test_Suite']= { tableData: data, tableDiv: 'times-div-All_Test_Suite'}
return data;
}
              </script>
              <span class="suite-total-time">Total running time: 1 minutes</span>
              <div id="times-div-All_Test_Suite">
              </div> <!-- times-div-All_Test_Suite -->
            </div> <!-- times-div -->
          </div> <!-- main-panel-content rounded-window-bottom -->
        </div> <!-- panel -->
        <div panel-name="reporter-All_Test_Suite" class="panel">
          <div class="main-panel-header rounded-window-top">
            <span class="header-content">Reporter output for All Test Suite</span>
          </div> <!-- main-panel-header rounded-window-top -->
          <div class="main-panel-content rounded-window-bottom">
          </div> <!-- main-panel-content rounded-window-bottom -->
        </div> <!-- panel -->
        <div panel-name="ignored-methods-All_Test_Suite" class="panel">
          <div class="main-panel-header rounded-window-top">
            <span class="header-content">0 ignored methods</span>
          </div> <!-- main-panel-header rounded-window-top -->
          <div class="main-panel-content rounded-window-bottom">
          </div> <!-- main-panel-content rounded-window-bottom -->
        </div> <!-- panel -->
        <div panel-name="chronological-All_Test_Suite" class="panel">
          <div class="main-panel-header rounded-window-top">
            <span class="header-content">Methods in chronological order</span>
          </div> <!-- main-panel-header rounded-window-top -->
          <div class="main-panel-content rounded-window-bottom">
            <div class="chronological-class">
              <div class="chronological-class-name">pagesTest.SignUpTestBase</div> <!-- chronological-class-name -->
              <div class="configuration-class before">
                <span class="method-name">setupDriver(chrome)</span>
                <span class="method-start">0 ms</span>
              </div> <!-- configuration-class before -->
              <div class="configuration-method before">
                <span class="method-name">goToHomePage</span>
                <span class="method-start">4346 ms</span>
              </div> <!-- configuration-method before -->
              <div class="test-method">
                <span class="method-name">testSignUpWithInvalidFirstUserName(SignUpUsersData, 2)</span>
                <span class="method-start">4983 ms</span>
              </div> <!-- test-method -->
              <div class="configuration-method after">
                <span class="method-name">recordFailure([TestResult name=testSignUpWithInvalidFirstUserName status=SUCCESS method=SignUpTestBase.testSignUpW...)</span>
                <span class="method-start">9849 ms</span>
              </div> <!-- configuration-method after -->
              <div class="configuration-method before">
                <span class="method-name">goToHomePage</span>
                <span class="method-start">9853 ms</span>
              </div> <!-- configuration-method before -->
              <div class="test-method">
                <span class="method-name">testSignUpWithInvalidLastUserName(SignUpUsersData, 3)</span>
                <span class="method-start">10223 ms</span>
              </div> <!-- test-method -->
              <div class="configuration-method after">
                <span class="method-name">recordFailure([TestResult name=testSignUpWithInvalidLastUserName status=SUCCESS method=SignUpTestBase.testSignUpWi...)</span>
                <span class="method-start">16445 ms</span>
              </div> <!-- configuration-method after -->
              <div class="configuration-method before">
                <span class="method-name">goToHomePage</span>
                <span class="method-start">16446 ms</span>
              </div> <!-- configuration-method before -->
              <div class="test-method">
                <span class="method-name">testSignUpWithInvalidUserDateOfBirth(SignUpUsersData, 4)</span>
                <span class="method-start">16846 ms</span>
              </div> <!-- test-method -->
              <div class="configuration-method after">
                <span class="method-name">recordFailure([TestResult name=testSignUpWithInvalidUserDateOfBirth status=SUCCESS method=SignUpTestBase.testSignU...)</span>
                <span class="method-start">18549 ms</span>
              </div> <!-- configuration-method after -->
              <div class="configuration-method before">
                <span class="method-name">goToHomePage</span>
                <span class="method-start">18550 ms</span>
              </div> <!-- configuration-method before -->
              <div class="test-method">
                <span class="method-name">testSignUpWithEmailsDoseNotMatch(SignUpUsersData, 5)</span>
                <span class="method-start">19014 ms</span>
              </div> <!-- test-method -->
              <div class="configuration-method after">
                <span class="method-name">recordFailure([TestResult name=testSignUpWithEmailsDoseNotMatch status=SUCCESS method=SignUpTestBase.testSignUpWit...)</span>
                <span class="method-start">21422 ms</span>
              </div> <!-- configuration-method after -->
              <div class="configuration-method before">
                <span class="method-name">goToHomePage</span>
                <span class="method-start">21424 ms</span>
              </div> <!-- configuration-method before -->
              <div class="test-method">
                <span class="method-name">testSignUpWithNoGender(SignUpUsersData, 6)</span>
                <span class="method-start">21849 ms</span>
              </div> <!-- test-method -->
              <div class="configuration-method after">
                <span class="method-name">recordFailure([TestResult name=testSignUpWithNoGender status=SUCCESS method=SignUpTestBase.testSignUpWithNoGender(...)</span>
                <span class="method-start">23870 ms</span>
              </div> <!-- configuration-method after -->
              <div class="configuration-method before">
                <span class="method-name">goToHomePage</span>
                <span class="method-start">23871 ms</span>
              </div> <!-- configuration-method before -->
              <div class="test-method">
                <span class="method-name">testUserSignUpSuccessfully(SignUpUsersData, 7)</span>
                <span class="method-start">24246 ms</span>
              </div> <!-- test-method -->
              <div class="configuration-method after">
                <span class="method-name">recordFailure([TestResult name=testUserSignUpSuccessfully status=SUCCESS method=SignUpTestBase.testUserSignUpSucce...)</span>
                <span class="method-start">33756 ms</span>
              </div> <!-- configuration-method after -->
              <div class="configuration-class after">
                <span class="method-name">tearDown</span>
                <span class="method-start">33758 ms</span>
              </div> <!-- configuration-class after -->
            </div> <!-- chronological-class -->
            <div class="chronological-class">
              <div class="chronological-class-name">pagesTest.LoginPageTestBase</div> <!-- chronological-class-name -->
              <div class="configuration-class before">
                <span class="method-name">setupDriver(chrome)</span>
                <span class="method-start">34474 ms</span>
              </div> <!-- configuration-class before -->
              <div class="configuration-method before">
                <span class="method-name">goToHomePage</span>
                <span class="method-start">36524 ms</span>
              </div> <!-- configuration-method before -->
              <div class="test-method">
                <img src="failed.png">
                </img>
                <span class="method-name">testUserSignInWithInvalidPassword(LoginUsersData, 2)</span>
                <span class="method-start">37005 ms</span>
              </div> <!-- test-method -->
              <div class="configuration-method after">
                <span class="method-name">recordFailure([TestResult name=testUserSignInWithInvalidPassword status=FAILURE method=LoginPageTestBase.testUserS...)</span>
                <span class="method-start">56713 ms</span>
              </div> <!-- configuration-method after -->
              <div class="configuration-method before">
                <span class="method-name">goToHomePage</span>
                <span class="method-start">56841 ms</span>
              </div> <!-- configuration-method before -->
              <div class="test-method">
                <span class="method-name">testUserSignInWithInvalidEmail(LoginUsersData, 3)</span>
                <span class="method-start">57353 ms</span>
              </div> <!-- test-method -->
              <div class="configuration-method after">
                <span class="method-name">recordFailure([TestResult name=testUserSignInWithInvalidEmail status=SUCCESS method=LoginPageTestBase.testUserSign...)</span>
                <span class="method-start">64883 ms</span>
              </div> <!-- configuration-method after -->
              <div class="configuration-method before">
                <span class="method-name">goToHomePage</span>
                <span class="method-start">64942 ms</span>
              </div> <!-- configuration-method before -->
              <div class="test-method">
                <img src="failed.png">
                </img>
                <span class="method-name">testUserSignInWithInvalidEmailAndPassword(LoginUsersData, 4)</span>
                <span class="method-start">65610 ms</span>
              </div> <!-- test-method -->
              <div class="configuration-method after">
                <span class="method-name">recordFailure([TestResult name=testUserSignInWithInvalidEmailAndPassword status=FAILURE method=LoginPageTestBase.t...)</span>
                <span class="method-start">85264 ms</span>
              </div> <!-- configuration-method after -->
              <div class="configuration-method before">
                <span class="method-name">goToHomePage</span>
                <span class="method-start">85465 ms</span>
              </div> <!-- configuration-method before -->
              <div class="test-method">
                <span class="method-name">testUserSignInSuccessfully(LoginUsersData, 5)</span>
                <span class="method-start">85873 ms</span>
              </div> <!-- test-method -->
              <div class="configuration-method after">
                <span class="method-name">recordFailure([TestResult name=testUserSignInSuccessfully status=SUCCESS method=LoginPageTestBase.testUserSignInSu...)</span>
                <span class="method-start">91548 ms</span>
              </div> <!-- configuration-method after -->
              <div class="configuration-class after">
                <span class="method-name">tearDown</span>
                <span class="method-start">91550 ms</span>
              </div> <!-- configuration-class after -->
          </div> <!-- main-panel-content rounded-window-bottom -->
        </div> <!-- panel -->
      </div> <!-- main-panel-root -->
    </div> <!-- wrapper -->
  </body>
<script type="text/javascript" src="testng-reports2.js"></script>
</html>
