<?xml version="1.0" encoding="UTF-8"?>
<testng-results skipped="0" failed="2" ignored="0" total="10" passed="8">
  <reporter-output>
  </reporter-output>
  <suite name="All Test Suite" duration-ms="92226" started-at="2022-02-03T08:38:28 EET" finished-at="2022-02-03T08:40:00 EET">
    <groups>
    </groups>
    <test name="/Users/fakheryasser/IdeaProjects/FacebookProject" duration-ms="92226" started-at="2022-02-03T08:38:28 EET" finished-at="2022-02-03T08:40:00 EET">
      <class name="pagesTest.LoginPageTestBase">
        <test-method status="PASS" signature="setupDriver(java.lang.String)[pri:0, instance:pagesTest.LoginPageTestBase@3e2e18f2]" name="setupDriver" is-config="true" duration-ms="2049" started-at="2022-02-03T08:39:03 EET" finished-at="2022-02-03T08:39:05 EET">
          <params>
            <param index="0">
              <value>
                <![CDATA[chrome]]>
              </value>
            </param>
          </params>
          <reporter-output>
          </reporter-output>
        </test-method> <!-- setupDriver -->
        <test-method status="PASS" signature="goToHomePage()[pri:0, instance:pagesTest.LoginPageTestBase@3e2e18f2]" name="goToHomePage" is-config="true" duration-ms="480" started-at="2022-02-03T08:39:05 EET" finished-at="2022-02-03T08:39:05 EET">
          <reporter-output>
          </reporter-output>
        </test-method> <!-- goToHomePage -->
        <test-method status="FAIL" signature="testUserSignInWithInvalidPassword(java.lang.String, int)[pri:0, instance:pagesTest.LoginPageTestBase@3e2e18f2]" name="testUserSignInWithInvalidPassword" duration-ms="19692" started-at="2022-02-03T08:39:05 EET" finished-at="2022-02-03T08:39:25 EET">
          <params>
            <param index="0">
              <value>
                <![CDATA[LoginUsersData]]>
              </value>
            </param>
            <param index="1">
              <value>
                <![CDATA[2]]>
              </value>
            </param>
          </params>
          <exception class="org.openqa.selenium.TimeoutException">
            <message>
              <![CDATA[Expected condition failed: waiting for visibility of element located by By.cssSelector: div[class='fsl fwb fcb'] (tried for 15 second(s) with 2000 milliseconds interval)]]>
            </message>
            <full-stacktrace>
              <![CDATA[org.openqa.selenium.TimeoutException: Expected condition failed: waiting for visibility of element located by By.cssSelector: div[class='fsl fwb fcb'] (tried for 15 second(s) with 2000 milliseconds interval)
at org.openqa.selenium.support.ui.FluentWait.timeoutException(FluentWait.java:304)
at org.openqa.selenium.support.ui.FluentWait.until(FluentWait.java:272)
at pages.PageBase.waitUntilAppearanceOf(PageBase.java:27)
at pages.ForgotPassword.isIncorrectPasswordMessageDisplayed(ForgotPassword.java:14)
at pagesTest.LoginPageTestBase.testUserSignInWithInvalidPassword(LoginPageTestBase.java:25)
at sun.reflect.NativeMethodAccessorImpl.invoke0(Native Method)
at sun.reflect.NativeMethodAccessorImpl.invoke(NativeMethodAccessorImpl.java:62)
at sun.reflect.DelegatingMethodAccessorImpl.invoke(DelegatingMethodAccessorImpl.java:43)
at java.lang.reflect.Method.invoke(Method.java:498)
at org.testng.internal.MethodInvocationHelper.invokeMethod(MethodInvocationHelper.java:132)
at org.testng.internal.TestInvoker.invokeMethod(TestInvoker.java:599)
at org.testng.internal.TestInvoker.invokeTestMethod(TestInvoker.java:174)
at org.testng.internal.MethodRunner.runInSequence(MethodRunner.java:46)
at org.testng.internal.TestInvoker$MethodInvocationAgent.invoke(TestInvoker.java:822)
at org.testng.internal.TestInvoker.invokeTestMethods(TestInvoker.java:147)
at org.testng.internal.TestMethodWorker.invokeTestMethods(TestMethodWorker.java:146)
at org.testng.internal.TestMethodWorker.run(TestMethodWorker.java:128)
at java.util.ArrayList.forEach(ArrayList.java:1257)
at org.testng.TestRunner.privateRun(TestRunner.java:764)
at org.testng.TestRunner.run(TestRunner.java:585)
at org.testng.SuiteRunner.runTest(SuiteRunner.java:384)
at org.testng.SuiteRunner.runSequentially(SuiteRunner.java:378)
at org.testng.SuiteRunner.privateRun(SuiteRunner.java:337)
at org.testng.SuiteRunner.run(SuiteRunner.java:286)
at org.testng.SuiteRunnerWorker.runSuite(SuiteRunnerWorker.java:53)
at org.testng.SuiteRunnerWorker.run(SuiteRunnerWorker.java:96)
at org.testng.TestNG.runSuitesSequentially(TestNG.java:1218)
at org.testng.TestNG.runSuitesLocally(TestNG.java:1140)
at org.testng.TestNG.runSuites(TestNG.java:1069)
at org.testng.TestNG.run(TestNG.java:1037)
at org.apache.maven.surefire.testng.TestNGExecutor.run(TestNGExecutor.java:284)
at org.apache.maven.surefire.testng.TestNGXmlTestSuite.execute(TestNGXmlTestSuite.java:75)
at org.apache.maven.surefire.testng.TestNGProvider.invoke(TestNGProvider.java:119)
at org.apache.maven.surefire.booter.ForkedBooter.runSuitesInProcess(ForkedBooter.java:428)
at org.apache.maven.surefire.booter.ForkedBooter.execute(ForkedBooter.java:162)
at org.apache.maven.surefire.booter.ForkedBooter.run(ForkedBooter.java:562)
at org.apache.maven.surefire.booter.ForkedBooter.main(ForkedBooter.java:548)
Caused by: org.openqa.selenium.NoSuchElementException: no such element: Unable to locate element: {"method":"css selector","selector":"div[class='fsl fwb fcb']"}
  (Session info: chrome=97.0.4692.99)
For documentation on this error, please visit: https://www.seleniumhq.org/exceptions/no_such_element.html
Build info: version: '3.141.59', revision: 'e82be7d358', time: '2018-11-14T08:17:03'
System info: host: 'LAPTOP-KNRI3NA5', ip: '192.168.1.105', os.name: 'Windows 10', os.arch: 'amd64', os.version: '10.0', java.version: '1.8.0_221'
Driver info: org.openqa.selenium.chrome.ChromeDriver
Capabilities {acceptInsecureCerts: false, browserName: chrome, browserVersion: 97.0.4692.99, chrome: {chromedriverVersion: 97.0.4692.71 (adefa7837d02a..., userDataDir: C:\Users\lenov\AppData\Loca...}, goog:chromeOptions: {debuggerAddress: localhost:59781}, javascriptEnabled: true, networkConnectionEnabled: false, pageLoadStrategy: normal, platform: WINDOWS, platformName: WINDOWS, proxy: Proxy(), setWindowRect: true, strictFileInteractability: false, timeouts: {implicit: 0, pageLoad: 300000, script: 30000}, unhandledPromptBehavior: dismiss and notify, webauthn:extension:credBlob: true, webauthn:extension:largeBlob: true, webauthn:virtualAuthenticators: true}
Session ID: 0b7eca2b24a425f0f2145af5a7a887e5
*** Element info: {Using=css selector, value=div[class='fsl fwb fcb']}
at sun.reflect.NativeConstructorAccessorImpl.newInstance0(Native Method)
at sun.reflect.NativeConstructorAccessorImpl.newInstance(NativeConstructorAccessorImpl.java:62)
at sun.reflect.DelegatingConstructorAccessorImpl.newInstance(DelegatingConstructorAccessorImpl.java:45)
at java.lang.reflect.Constructor.newInstance(Constructor.java:423)
at org.openqa.selenium.remote.http.W3CHttpResponseCodec.createException(W3CHttpResponseCodec.java:187)
at org.openqa.selenium.remote.http.W3CHttpResponseCodec.decode(W3CHttpResponseCodec.java:122)
at org.openqa.selenium.remote.http.W3CHttpResponseCodec.decode(W3CHttpResponseCodec.java:49)
at org.openqa.selenium.remote.HttpCommandExecutor.execute(HttpCommandExecutor.java:158)
at org.openqa.selenium.remote.service.DriverCommandExecutor.execute(DriverCommandExecutor.java:83)
at org.openqa.selenium.remote.RemoteWebDriver.execute(RemoteWebDriver.java:552)
at org.openqa.selenium.remote.RemoteWebDriver.findElement(RemoteWebDriver.java:323)
at org.openqa.selenium.remote.RemoteWebDriver.findElementByCssSelector(RemoteWebDriver.java:420)
at org.openqa.selenium.By$ByCssSelector.findElement(By.java:431)
at org.openqa.selenium.remote.RemoteWebDriver.findElement(RemoteWebDriver.java:315)
at org.openqa.selenium.support.ui.ExpectedConditions$7.apply(ExpectedConditions.java:205)
at org.openqa.selenium.support.ui.ExpectedConditions$7.apply(ExpectedConditions.java:201)
at org.openqa.selenium.support.ui.FluentWait.until(FluentWait.java:249)
... 35 more
]]>
            </full-stacktrace>
          </exception> <!-- org.openqa.selenium.TimeoutException -->
          <reporter-output>
          </reporter-output>
        </test-method> <!-- testUserSignInWithInvalidPassword -->
        <test-method status="PASS" signature="recordFailure(org.testng.ITestResult)[pri:0, instance:pagesTest.LoginPageTestBase@3e2e18f2]" name="recordFailure" is-config="true" duration-ms="127" started-at="2022-02-03T08:39:25 EET" finished-at="2022-02-03T08:39:25 EET">
          <params>
            <param index="0">
              <value>
                <![CDATA[[TestResult name=testUserSignInWithInvalidPassword status=FAILURE method=LoginPageTestBase.testUserSignInWithInvalidPassword(java.lang.String, int)[pri:0, instance:pagesTest.LoginPageTestBase@3e2e18f2] output={null}]]]>
              </value>
            </param>
          </params>
          <reporter-output>
          </reporter-output>
        </test-method> <!-- recordFailure -->
        <test-method status="PASS" signature="goToHomePage()[pri:0, instance:pagesTest.LoginPageTestBase@3e2e18f2]" name="goToHomePage" is-config="true" duration-ms="511" started-at="2022-02-03T08:39:25 EET" finished-at="2022-02-03T08:39:26 EET">
          <reporter-output>
          </reporter-output>
        </test-method> <!-- goToHomePage -->
        <test-method status="PASS" signature="testUserSignInWithInvalidEmail(java.lang.String, int)[pri:0, instance:pagesTest.LoginPageTestBase@3e2e18f2]" name="testUserSignInWithInvalidEmail" duration-ms="7529" started-at="2022-02-03T08:39:26 EET" finished-at="2022-02-03T08:39:33 EET">
          <params>
            <param index="0">
              <value>
                <![CDATA[LoginUsersData]]>
              </value>
            </param>
            <param index="1">
              <value>
                <![CDATA[3]]>
              </value>
            </param>
          </params>
          <reporter-output>
          </reporter-output>
        </test-method> <!-- testUserSignInWithInvalidEmail -->
        <test-method status="PASS" signature="recordFailure(org.testng.ITestResult)[pri:0, instance:pagesTest.LoginPageTestBase@3e2e18f2]" name="recordFailure" is-config="true" duration-ms="1" started-at="2022-02-03T08:39:33 EET" finished-at="2022-02-03T08:39:33 EET">
          <params>
            <param index="0">
              <value>
                <![CDATA[[TestResult name=testUserSignInWithInvalidEmail status=SUCCESS method=LoginPageTestBase.testUserSignInWithInvalidEmail(java.lang.String, int)[pri:0, instance:pagesTest.LoginPageTestBase@3e2e18f2] output={null}]]]>
              </value>
            </param>
          </params>
          <reporter-output>
          </reporter-output>
        </test-method> <!-- recordFailure -->
        <test-method status="PASS" signature="goToHomePage()[pri:0, instance:pagesTest.LoginPageTestBase@3e2e18f2]" name="goToHomePage" is-config="true" duration-ms="667" started-at="2022-02-03T08:39:33 EET" finished-at="2022-02-03T08:39:34 EET">
          <reporter-output>
          </reporter-output>
        </test-method> <!-- goToHomePage -->
        <test-method status="FAIL" signature="testUserSignInWithInvalidEmailAndPassword(java.lang.String, int)[pri:0, instance:pagesTest.LoginPageTestBase@3e2e18f2]" name="testUserSignInWithInvalidEmailAndPassword" duration-ms="19649" started-at="2022-02-03T08:39:34 EET" finished-at="2022-02-03T08:39:54 EET">
          <params>
            <param index="0">
              <value>
                <![CDATA[LoginUsersData]]>
              </value>
            </param>
            <param index="1">
              <value>
                <![CDATA[4]]>
              </value>
            </param>
          </params>
          <exception class="org.openqa.selenium.TimeoutException">
            <message>
              <![CDATA[Expected condition failed: waiting for visibility of element located by By.cssSelector: div[class='fsl fwb fcb'] (tried for 15 second(s) with 2000 milliseconds interval)]]>
            </message>
            <full-stacktrace>
              <![CDATA[org.openqa.selenium.TimeoutException: Expected condition failed: waiting for visibility of element located by By.cssSelector: div[class='fsl fwb fcb'] (tried for 15 second(s) with 2000 milliseconds interval)
at org.openqa.selenium.support.ui.FluentWait.timeoutException(FluentWait.java:304)
at org.openqa.selenium.support.ui.FluentWait.until(FluentWait.java:272)
at pages.PageBase.waitUntilAppearanceOf(PageBase.java:27)
at pages.ForgotPassword.isIncorrectPasswordMessageDisplayed(ForgotPassword.java:14)
at pagesTest.LoginPageTestBase.testUserSignInWithInvalidEmailAndPassword(LoginPageTestBase.java:49)
at sun.reflect.NativeMethodAccessorImpl.invoke0(Native Method)
at sun.reflect.NativeMethodAccessorImpl.invoke(NativeMethodAccessorImpl.java:62)
at sun.reflect.DelegatingMethodAccessorImpl.invoke(DelegatingMethodAccessorImpl.java:43)
at java.lang.reflect.Method.invoke(Method.java:498)
at org.testng.internal.MethodInvocationHelper.invokeMethod(MethodInvocationHelper.java:132)
at org.testng.internal.TestInvoker.invokeMethod(TestInvoker.java:599)
at org.testng.internal.TestInvoker.invokeTestMethod(TestInvoker.java:174)
at org.testng.internal.MethodRunner.runInSequence(MethodRunner.java:46)
at org.testng.internal.TestInvoker$MethodInvocationAgent.invoke(TestInvoker.java:822)
at org.testng.internal.TestInvoker.invokeTestMethods(TestInvoker.java:147)
at org.testng.internal.TestMethodWorker.invokeTestMethods(TestMethodWorker.java:146)
at org.testng.internal.TestMethodWorker.run(TestMethodWorker.java:128)
at java.util.ArrayList.forEach(ArrayList.java:1257)
at org.testng.TestRunner.privateRun(TestRunner.java:764)
at org.testng.TestRunner.run(TestRunner.java:585)
at org.testng.SuiteRunner.runTest(SuiteRunner.java:384)
at org.testng.SuiteRunner.runSequentially(SuiteRunner.java:378)
at org.testng.SuiteRunner.privateRun(SuiteRunner.java:337)
at org.testng.SuiteRunner.run(SuiteRunner.java:286)
at org.testng.SuiteRunnerWorker.runSuite(SuiteRunnerWorker.java:53)
at org.testng.SuiteRunnerWorker.run(SuiteRunnerWorker.java:96)
at org.testng.TestNG.runSuitesSequentially(TestNG.java:1218)
at org.testng.TestNG.runSuitesLocally(TestNG.java:1140)
at org.testng.TestNG.runSuites(TestNG.java:1069)
at org.testng.TestNG.run(TestNG.java:1037)
at org.apache.maven.surefire.testng.TestNGExecutor.run(TestNGExecutor.java:284)
at org.apache.maven.surefire.testng.TestNGXmlTestSuite.execute(TestNGXmlTestSuite.java:75)
at org.apache.maven.surefire.testng.TestNGProvider.invoke(TestNGProvider.java:119)
at org.apache.maven.surefire.booter.ForkedBooter.runSuitesInProcess(ForkedBooter.java:428)
at org.apache.maven.surefire.booter.ForkedBooter.execute(ForkedBooter.java:162)
at org.apache.maven.surefire.booter.ForkedBooter.run(ForkedBooter.java:562)
at org.apache.maven.surefire.booter.ForkedBooter.main(ForkedBooter.java:548)
Caused by: org.openqa.selenium.NoSuchElementException: no such element: Unable to locate element: {"method":"css selector","selector":"div[class='fsl fwb fcb']"}
  (Session info: chrome=97.0.4692.99)
For documentation on this error, please visit: https://www.seleniumhq.org/exceptions/no_such_element.html
Build info: version: '3.141.59', revision: 'e82be7d358', time: '2018-11-14T08:17:03'
System info: host: 'LAPTOP-KNRI3NA5', ip: '192.168.1.105', os.name: 'Windows 10', os.arch: 'amd64', os.version: '10.0', java.version: '1.8.0_221'
Driver info: org.openqa.selenium.chrome.ChromeDriver
Capabilities {acceptInsecureCerts: false, browserName: chrome, browserVersion: 97.0.4692.99, chrome: {chromedriverVersion: 97.0.4692.71 (adefa7837d02a..., userDataDir: C:\Users\lenov\AppData\Loca...}, goog:chromeOptions: {debuggerAddress: localhost:59781}, javascriptEnabled: true, networkConnectionEnabled: false, pageLoadStrategy: normal, platform: WINDOWS, platformName: WINDOWS, proxy: Proxy(), setWindowRect: true, strictFileInteractability: false, timeouts: {implicit: 0, pageLoad: 300000, script: 30000}, unhandledPromptBehavior: dismiss and notify, webauthn:extension:credBlob: true, webauthn:extension:largeBlob: true, webauthn:virtualAuthenticators: true}
Session ID: 0b7eca2b24a425f0f2145af5a7a887e5
*** Element info: {Using=css selector, value=div[class='fsl fwb fcb']}
at sun.reflect.NativeConstructorAccessorImpl.newInstance0(Native Method)
at sun.reflect.NativeConstructorAccessorImpl.newInstance(NativeConstructorAccessorImpl.java:62)
at sun.reflect.DelegatingConstructorAccessorImpl.newInstance(DelegatingConstructorAccessorImpl.java:45)
at java.lang.reflect.Constructor.newInstance(Constructor.java:423)
at org.openqa.selenium.remote.http.W3CHttpResponseCodec.createException(W3CHttpResponseCodec.java:187)
at org.openqa.selenium.remote.http.W3CHttpResponseCodec.decode(W3CHttpResponseCodec.java:122)
at org.openqa.selenium.remote.http.W3CHttpResponseCodec.decode(W3CHttpResponseCodec.java:49)
at org.openqa.selenium.remote.HttpCommandExecutor.execute(HttpCommandExecutor.java:158)
at org.openqa.selenium.remote.service.DriverCommandExecutor.execute(DriverCommandExecutor.java:83)
at org.openqa.selenium.remote.RemoteWebDriver.execute(RemoteWebDriver.java:552)
at org.openqa.selenium.remote.RemoteWebDriver.findElement(RemoteWebDriver.java:323)
at org.openqa.selenium.remote.RemoteWebDriver.findElementByCssSelector(RemoteWebDriver.java:420)
at org.openqa.selenium.By$ByCssSelector.findElement(By.java:431)
at org.openqa.selenium.remote.RemoteWebDriver.findElement(RemoteWebDriver.java:315)
at org.openqa.selenium.support.ui.ExpectedConditions$7.apply(ExpectedConditions.java:205)
at org.openqa.selenium.support.ui.ExpectedConditions$7.apply(ExpectedConditions.java:201)
at org.openqa.selenium.support.ui.FluentWait.until(FluentWait.java:249)
... 35 more
]]>
            </full-stacktrace>
          </exception> <!-- org.openqa.selenium.TimeoutException -->
          <reporter-output>
          </reporter-output>
        </test-method> <!-- testUserSignInWithInvalidEmailAndPassword -->
        <test-method status="PASS" signature="recordFailure(org.testng.ITestResult)[pri:0, instance:pagesTest.LoginPageTestBase@3e2e18f2]" name="recordFailure" is-config="true" duration-ms="200" started-at="2022-02-03T08:39:54 EET" finished-at="2022-02-03T08:39:54 EET">
          <params>
            <param index="0">
              <value>
                <![CDATA[[TestResult name=testUserSignInWithInvalidEmailAndPassword status=FAILURE method=LoginPageTestBase.testUserSignInWithInvalidEmailAndPassword(java.lang.String, int)[pri:0, instance:pagesTest.LoginPageTestBase@3e2e18f2] output={null}]]]>
              </value>
            </param>
          </params>
          <reporter-output>
          </reporter-output>
        </test-method> <!-- recordFailure -->
        <test-method status="PASS" signature="goToHomePage()[pri:0, instance:pagesTest.LoginPageTestBase@3e2e18f2]" name="goToHomePage" is-config="true" duration-ms="408" started-at="2022-02-03T08:39:54 EET" finished-at="2022-02-03T08:39:54 EET">
          <reporter-output>
          </reporter-output>
        </test-method> <!-- goToHomePage -->
        <test-method status="PASS" signature="testUserSignInSuccessfully(java.lang.String, int)[pri:0, instance:pagesTest.LoginPageTestBase@3e2e18f2]" name="testUserSignInSuccessfully" duration-ms="5674" started-at="2022-02-03T08:39:54 EET" finished-at="2022-02-03T08:40:00 EET">
          <params>
            <param index="0">
              <value>
                <![CDATA[LoginUsersData]]>
              </value>
            </param>
            <param index="1">
              <value>
                <![CDATA[5]]>
              </value>
            </param>
          </params>
          <reporter-output>
          </reporter-output>
        </test-method> <!-- testUserSignInSuccessfully -->
        <test-method status="PASS" signature="recordFailure(org.testng.ITestResult)[pri:0, instance:pagesTest.LoginPageTestBase@3e2e18f2]" name="recordFailure" is-config="true" duration-ms="1" started-at="2022-02-03T08:40:00 EET" finished-at="2022-02-03T08:40:00 EET">
          <params>
            <param index="0">
              <value>
                <![CDATA[[TestResult name=testUserSignInSuccessfully status=SUCCESS method=LoginPageTestBase.testUserSignInSuccessfully(java.lang.String, int)[pri:0, instance:pagesTest.LoginPageTestBase@3e2e18f2] output={null}]]]>
              </value>
            </param>
          </params>
          <reporter-output>
          </reporter-output>
        </test-method> <!-- recordFailure -->
        <test-method status="PASS" signature="tearDown()[pri:0, instance:pagesTest.LoginPageTestBase@3e2e18f2]" name="tearDown" is-config="true" duration-ms="661" started-at="2022-02-03T08:40:00 EET" finished-at="2022-02-03T08:40:00 EET">
          <reporter-output>
          </reporter-output>
        </test-method> <!-- tearDown -->
      </class> <!-- pagesTest.LoginPageTestBase -->
      <class name="pagesTest.SignUpTestBase">
        <test-method status="PASS" signature="setupDriver(java.lang.String)[pri:0, instance:pagesTest.SignUpTestBase@cd3fee8]" name="setupDriver" is-config="true" duration-ms="4336" started-at="2022-02-03T08:38:28 EET" finished-at="2022-02-03T08:38:33 EET">
          <params>
            <param index="0">
              <value>
                <![CDATA[chrome]]>
              </value>
            </param>
          </params>
          <reporter-output>
          </reporter-output>
        </test-method> <!-- setupDriver -->
        <test-method status="PASS" signature="goToHomePage()[pri:0, instance:pagesTest.SignUpTestBase@cd3fee8]" name="goToHomePage" is-config="true" duration-ms="572" started-at="2022-02-03T08:38:33 EET" finished-at="2022-02-03T08:38:33 EET">
          <reporter-output>
          </reporter-output>
        </test-method> <!-- goToHomePage -->
        <test-method status="PASS" signature="testSignUpWithInvalidFirstUserName(java.lang.String, int)[pri:0, instance:pagesTest.SignUpTestBase@cd3fee8]" name="testSignUpWithInvalidFirstUserName" duration-ms="4859" started-at="2022-02-03T08:38:33 EET" finished-at="2022-02-03T08:38:38 EET">
          <params>
            <param index="0">
              <value>
                <![CDATA[SignUpUsersData]]>
              </value>
            </param>
            <param index="1">
              <value>
                <![CDATA[2]]>
              </value>
            </param>
          </params>
          <reporter-output>
          </reporter-output>
        </test-method> <!-- testSignUpWithInvalidFirstUserName -->
        <test-method status="PASS" signature="recordFailure(org.testng.ITestResult)[pri:0, instance:pagesTest.SignUpTestBase@cd3fee8]" name="recordFailure" is-config="true" duration-ms="2" started-at="2022-02-03T08:38:38 EET" finished-at="2022-02-03T08:38:38 EET">
          <params>
            <param index="0">
              <value>
                <![CDATA[[TestResult name=testSignUpWithInvalidFirstUserName status=SUCCESS method=SignUpTestBase.testSignUpWithInvalidFirstUserName(java.lang.String, int)[pri:0, instance:pagesTest.SignUpTestBase@cd3fee8] output={null}]]]>
              </value>
            </param>
          </params>
          <reporter-output>
          </reporter-output>
        </test-method> <!-- recordFailure -->
        <test-method status="PASS" signature="goToHomePage()[pri:0, instance:pagesTest.SignUpTestBase@cd3fee8]" name="goToHomePage" is-config="true" duration-ms="369" started-at="2022-02-03T08:38:38 EET" finished-at="2022-02-03T08:38:38 EET">
          <reporter-output>
          </reporter-output>
        </test-method> <!-- goToHomePage -->
        <test-method status="PASS" signature="testSignUpWithInvalidLastUserName(java.lang.String, int)[pri:0, instance:pagesTest.SignUpTestBase@cd3fee8]" name="testSignUpWithInvalidLastUserName" duration-ms="6220" started-at="2022-02-03T08:38:38 EET" finished-at="2022-02-03T08:38:45 EET">
          <params>
            <param index="0">
              <value>
                <![CDATA[SignUpUsersData]]>
              </value>
            </param>
            <param index="1">
              <value>
                <![CDATA[3]]>
              </value>
            </param>
          </params>
          <reporter-output>
          </reporter-output>
        </test-method> <!-- testSignUpWithInvalidLastUserName -->
        <test-method status="PASS" signature="recordFailure(org.testng.ITestResult)[pri:0, instance:pagesTest.SignUpTestBase@cd3fee8]" name="recordFailure" is-config="true" duration-ms="0" started-at="2022-02-03T08:38:45 EET" finished-at="2022-02-03T08:38:45 EET">
          <params>
            <param index="0">
              <value>
                <![CDATA[[TestResult name=testSignUpWithInvalidLastUserName status=SUCCESS method=SignUpTestBase.testSignUpWithInvalidLastUserName(java.lang.String, int)[pri:0, instance:pagesTest.SignUpTestBase@cd3fee8] output={null}]]]>
              </value>
            </param>
          </params>
          <reporter-output>
          </reporter-output>
        </test-method> <!-- recordFailure -->
        <test-method status="PASS" signature="goToHomePage()[pri:0, instance:pagesTest.SignUpTestBase@cd3fee8]" name="goToHomePage" is-config="true" duration-ms="390" started-at="2022-02-03T08:38:45 EET" finished-at="2022-02-03T08:38:45 EET">
          <reporter-output>
          </reporter-output>
        </test-method> <!-- goToHomePage -->
        <test-method status="PASS" signature="testSignUpWithInvalidUserDateOfBirth(java.lang.String, int)[pri:0, instance:pagesTest.SignUpTestBase@cd3fee8]" name="testSignUpWithInvalidUserDateOfBirth" duration-ms="1702" started-at="2022-02-03T08:38:45 EET" finished-at="2022-02-03T08:38:47 EET">
          <params>
            <param index="0">
              <value>
                <![CDATA[SignUpUsersData]]>
              </value>
            </param>
            <param index="1">
              <value>
                <![CDATA[4]]>
              </value>
            </param>
          </params>
          <reporter-output>
          </reporter-output>
        </test-method> <!-- testSignUpWithInvalidUserDateOfBirth -->
        <test-method status="PASS" signature="recordFailure(org.testng.ITestResult)[pri:0, instance:pagesTest.SignUpTestBase@cd3fee8]" name="recordFailure" is-config="true" duration-ms="0" started-at="2022-02-03T08:38:47 EET" finished-at="2022-02-03T08:38:47 EET">
          <params>
            <param index="0">
              <value>
                <![CDATA[[TestResult name=testSignUpWithInvalidUserDateOfBirth status=SUCCESS method=SignUpTestBase.testSignUpWithInvalidUserDateOfBirth(java.lang.String, int)[pri:0, instance:pagesTest.SignUpTestBase@cd3fee8] output={null}]]]>
              </value>
            </param>
          </params>
          <reporter-output>
          </reporter-output>
        </test-method> <!-- recordFailure -->
        <test-method status="PASS" signature="goToHomePage()[pri:0, instance:pagesTest.SignUpTestBase@cd3fee8]" name="goToHomePage" is-config="true" duration-ms="463" started-at="2022-02-03T08:38:47 EET" finished-at="2022-02-03T08:38:47 EET">
          <reporter-output>
          </reporter-output>
        </test-method> <!-- goToHomePage -->
        <test-method status="PASS" signature="testSignUpWithEmailsDoseNotMatch(java.lang.String, int)[pri:0, instance:pagesTest.SignUpTestBase@cd3fee8]" name="testSignUpWithEmailsDoseNotMatch" duration-ms="2405" started-at="2022-02-03T08:38:47 EET" finished-at="2022-02-03T08:38:50 EET">
          <params>
            <param index="0">
              <value>
                <![CDATA[SignUpUsersData]]>
              </value>
            </param>
            <param index="1">
              <value>
                <![CDATA[5]]>
              </value>
            </param>
          </params>
          <reporter-output>
          </reporter-output>
        </test-method> <!-- testSignUpWithEmailsDoseNotMatch -->
        <test-method status="PASS" signature="recordFailure(org.testng.ITestResult)[pri:0, instance:pagesTest.SignUpTestBase@cd3fee8]" name="recordFailure" is-config="true" duration-ms="0" started-at="2022-02-03T08:38:50 EET" finished-at="2022-02-03T08:38:50 EET">
          <params>
            <param index="0">
              <value>
                <![CDATA[[TestResult name=testSignUpWithEmailsDoseNotMatch status=SUCCESS method=SignUpTestBase.testSignUpWithEmailsDoseNotMatch(java.lang.String, int)[pri:0, instance:pagesTest.SignUpTestBase@cd3fee8] output={null}]]]>
              </value>
            </param>
          </params>
          <reporter-output>
          </reporter-output>
        </test-method> <!-- recordFailure -->
        <test-method status="PASS" signature="goToHomePage()[pri:0, instance:pagesTest.SignUpTestBase@cd3fee8]" name="goToHomePage" is-config="true" duration-ms="424" started-at="2022-02-03T08:38:50 EET" finished-at="2022-02-03T08:38:50 EET">
          <reporter-output>
          </reporter-output>
        </test-method> <!-- goToHomePage -->
        <test-method status="PASS" signature="testSignUpWithNoGender(java.lang.String, int)[pri:0, instance:pagesTest.SignUpTestBase@cd3fee8]" name="testSignUpWithNoGender" duration-ms="2020" started-at="2022-02-03T08:38:50 EET" finished-at="2022-02-03T08:38:52 EET">
          <params>
            <param index="0">
              <value>
                <![CDATA[SignUpUsersData]]>
              </value>
            </param>
            <param index="1">
              <value>
                <![CDATA[6]]>
              </value>
            </param>
          </params>
          <reporter-output>
          </reporter-output>
        </test-method> <!-- testSignUpWithNoGender -->
        <test-method status="PASS" signature="recordFailure(org.testng.ITestResult)[pri:0, instance:pagesTest.SignUpTestBase@cd3fee8]" name="recordFailure" is-config="true" duration-ms="0" started-at="2022-02-03T08:38:52 EET" finished-at="2022-02-03T08:38:52 EET">
          <params>
            <param index="0">
              <value>
                <![CDATA[[TestResult name=testSignUpWithNoGender status=SUCCESS method=SignUpTestBase.testSignUpWithNoGender(java.lang.String, int)[pri:0, instance:pagesTest.SignUpTestBase@cd3fee8] output={null}]]]>
              </value>
            </param>
          </params>
          <reporter-output>
          </reporter-output>
        </test-method> <!-- recordFailure -->
        <test-method status="PASS" signature="goToHomePage()[pri:0, instance:pagesTest.SignUpTestBase@cd3fee8]" name="goToHomePage" is-config="true" duration-ms="374" started-at="2022-02-03T08:38:52 EET" finished-at="2022-02-03T08:38:52 EET">
          <reporter-output>
          </reporter-output>
        </test-method> <!-- goToHomePage -->
        <test-method status="PASS" signature="testUserSignUpSuccessfully(java.lang.String, int)[pri:0, instance:pagesTest.SignUpTestBase@cd3fee8]" name="testUserSignUpSuccessfully" duration-ms="9508" started-at="2022-02-03T08:38:52 EET" finished-at="2022-02-03T08:39:02 EET">
          <params>
            <param index="0">
              <value>
                <![CDATA[SignUpUsersData]]>
              </value>
            </param>
            <param index="1">
              <value>
                <![CDATA[7]]>
              </value>
            </param>
          </params>
          <reporter-output>
          </reporter-output>
        </test-method> <!-- testUserSignUpSuccessfully -->
        <test-method status="PASS" signature="recordFailure(org.testng.ITestResult)[pri:0, instance:pagesTest.SignUpTestBase@cd3fee8]" name="recordFailure" is-config="true" duration-ms="1" started-at="2022-02-03T08:39:02 EET" finished-at="2022-02-03T08:39:02 EET">
          <params>
            <param index="0">
              <value>
                <![CDATA[[TestResult name=testUserSignUpSuccessfully status=SUCCESS method=SignUpTestBase.testUserSignUpSuccessfully(java.lang.String, int)[pri:0, instance:pagesTest.SignUpTestBase@cd3fee8] output={null}]]]>
              </value>
            </param>
          </params>
          <reporter-output>
          </reporter-output>
        </test-method> <!-- recordFailure -->
        <test-method status="PASS" signature="tearDown()[pri:0, instance:pagesTest.SignUpTestBase@cd3fee8]" name="tearDown" is-config="true" duration-ms="715" started-at="2022-02-03T08:39:02 EET" finished-at="2022-02-03T08:39:03 EET">
          <reporter-output>
          </reporter-output>
        </test-method> <!-- tearDown -->
      </class> <!-- pagesTest.SignUpTestBase -->
    </test> <!-- /Users/fakheryasser/IdeaProjects/FacebookProject -->
  </suite> <!-- All Test Suite -->
</testng-results>
